[debug] [2020-11-09T19:18:17.241Z] ----------------------------------------------------------------------
[debug] [2020-11-09T19:18:17.244Z] Command:       /usr/bin/node /usr/local/bin/firebase login
[debug] [2020-11-09T19:18:17.244Z] CLI Version:   8.15.1
[debug] [2020-11-09T19:18:17.244Z] Platform:      linux
[debug] [2020-11-09T19:18:17.244Z] Node Version:  v10.21.0
[debug] [2020-11-09T19:18:17.245Z] Time:          Mon Nov 09 2020 19:18:17 GMT+0000 (Coordinated Universal Time)
[debug] [2020-11-09T19:18:17.245Z] ----------------------------------------------------------------------
[debug] [2020-11-09T19:18:17.245Z] 
[info] i  Firebase optionally collects CLI usage and error reporting information to help improve our products. Data is collected in accordance with Google's privacy policy (https://policies.google.com/privacy) and is not used to identify you.
 
[info] i  To change your data collection preference at any time, run `firebase logout` and log in again. 
[info] 
[info] Visit this URL on this device to log in:
[info] https://accounts.google.com/o/oauth2/auth?client_id=563584335869-fgrhgmd47bqnekij5i8b5pr03ho849e6.apps.googleusercontent.com&scope=email%20openid%20https%3A%2F%2Fwww.googleapis.com%2Fauth%2Fcloudplatformprojects.readonly%20https%3A%2F%2Fwww.googleapis.com%2Fauth%2Ffirebase%20https%3A%2F%2Fwww.googleapis.com%2Fauth%2Fcloud-platform&response_type=code&state=374441922&redirect_uri=http%3A%2F%2Flocalhost%3A9005
[info] 
[info] Waiting for authentication...
[debug] [2020-11-09T19:21:04.394Z] ----------------------------------------------------------------------
[debug] [2020-11-09T19:21:04.397Z] Command:       /usr/bin/node /usr/local/bin/firebase login
[debug] [2020-11-09T19:21:04.398Z] CLI Version:   8.15.1
[debug] [2020-11-09T19:21:04.398Z] Platform:      linux
[debug] [2020-11-09T19:21:04.398Z] Node Version:  v10.21.0
[debug] [2020-11-09T19:21:04.399Z] Time:          Mon Nov 09 2020 19:21:04 GMT+0000 (Coordinated Universal Time)
[debug] [2020-11-09T19:21:04.399Z] ----------------------------------------------------------------------
[debug] [2020-11-09T19:21:04.399Z] 
[info] i  Firebase optionally collects CLI usage and error reporting information to help improve our products. Data is collected in accordance with Google's privacy policy (https://policies.google.com/privacy) and is not used to identify you.
 
[info] i  To change your data collection preference at any time, run `firebase logout` and log in again. 
[info] 
[info] Visit this URL on this device to log in:
[info] https://accounts.google.com/o/oauth2/auth?client_id=563584335869-fgrhgmd47bqnekij5i8b5pr03ho849e6.apps.googleusercontent.com&scope=email%20openid%20https%3A%2F%2Fwww.googleapis.com%2Fauth%2Fcloudplatformprojects.readonly%20https%3A%2F%2Fwww.googleapis.com%2Fauth%2Ffirebase%20https%3A%2F%2Fwww.googleapis.com%2Fauth%2Fcloud-platform&response_type=code&state=316842592&redirect_uri=http%3A%2F%2Flocalhost%3A9005
[info] 
[info] Waiting for authentication...
